<?xml version="1.0" encoding="UTF-8"?>
<!-- Generated by org.testng.reporters.JUnitXMLReporter -->
<testsuite hostname="DESKTOP-HRL7FP9" ignored="0" name="Default test" tests="6" failures="0" timestamp="22 oct 2018 02:48:07 GMT" time="3.122" errors="0">
  <testcase name="addSupply" time="2.272" classname="ar.com.informatorio.RestAssured.InsumoTest"/>
  <testcase name="getAllSupplies" time="0.138" classname="ar.com.informatorio.RestAssured.InsumoTest"/>
  <testcase name="getSuppliesByIdUsingPathParam" time="0.041" classname="ar.com.informatorio.RestAssured.InsumoTest"/>
  <testcase name="getSupplies2ByIdUsingPathParam" time="0.06" classname="ar.com.informatorio.RestAssured.InsumoTest"/>
  <testcase name="getByIdUsingQueryParam" time="0.069" classname="ar.com.informatorio.RestAssured.InsumoTest"/>
  <testcase name="deleteSupply" time="0.04" classname="ar.com.informatorio.RestAssured.InsumoTest"/>
</testsuite> <!-- Default test -->
